<?xml version="1.0" encoding="UTF-8"?>
<testng-results ignored="0" total="1" passed="1" failed="0" skipped="0">
  <reporter-output>
    <line>
      <![CDATA[Default test Started]]>
    </line>
    <line>
      <![CDATA[channel_plan TEST START]]>
    </line>
    <line>
      <![CDATA[Plan Page got displayed]]>
    </line>
    <line>
      <![CDATA[channel_plan SUSSESSSSS]]>
    </line>
  </reporter-output>
  <suite started-at="2020-11-24T19:32:33 IST" name="Default suite" finished-at="2020-11-24T19:36:30 IST" duration-ms="237777">
    <groups>
    </groups>
    <test started-at="2020-11-24T19:32:33 IST" name="Default test" finished-at="2020-11-24T19:36:30 IST" duration-ms="237777">
      <class name="com.Home.fingertip.Channel_Plan">
        <test-method is-config="true" signature="openthebrowserentertheurl()[pri:0, instance:com.Home.fingertip.Channel_Plan@3246fb96]" started-at="2020-11-24T19:32:33 IST" name="openthebrowserentertheurl" finished-at="2020-11-24T19:32:57 IST" duration-ms="24378" status="PASS">
          <reporter-output>
          </reporter-output>
        </test-method> <!-- openthebrowserentertheurl -->
        <test-method signature="channel_plan()[pri:0, instance:com.Home.fingertip.Channel_Plan@3246fb96]" started-at="2020-11-24T19:32:57 IST" name="channel_plan" finished-at="2020-11-24T19:36:30 IST" duration-ms="213065" status="PASS">
          <reporter-output>
            <line>
              <![CDATA[channel_plan TEST START]]>
            </line>
            <line>
              <![CDATA[Plan Page got displayed]]>
            </line>
            <line>
              <![CDATA[channel_plan SUSSESSSSS]]>
            </line>
          </reporter-output>
        </test-method> <!-- channel_plan -->
        <test-method is-config="true" signature="Close()[pri:0, instance:com.Home.fingertip.Channel_Plan@3246fb96]" started-at="2020-11-24T19:36:30 IST" name="Close" finished-at="2020-11-24T19:36:30 IST" duration-ms="249" status="PASS">
          <reporter-output>
          </reporter-output>
        </test-method> <!-- Close -->
      </class> <!-- com.Home.fingertip.Channel_Plan -->
    </test> <!-- Default test -->
  </suite> <!-- Default suite -->
</testng-results>
