<?xml version="1.0" encoding="UTF-8"?>
<testng-results ignored="0" total="1" passed="1" failed="0" skipped="0">
  <reporter-output>
    <line>
      <![CDATA[Home | Salesforce]]>
    </line>
  </reporter-output>
  <suite started-at="2020-11-24T13:11:41 IST" name="Default suite" finished-at="2020-11-24T13:12:57 IST" duration-ms="75950">
    <groups>
    </groups>
    <test started-at="2020-11-24T13:11:41 IST" name="Default test" finished-at="2020-11-24T13:12:57 IST" duration-ms="75950">
      <class name="com.Home.fingertip.Channel_PinTheChannel">
        <test-method is-config="true" signature="openthebrowserentertheurl()[pri:0, instance:com.Home.fingertip.Channel_PinTheChannel@140c9f39]" started-at="2020-11-24T13:11:41 IST" name="openthebrowserentertheurl" finished-at="2020-11-24T13:11:55 IST" duration-ms="13608" status="PASS">
          <reporter-output>
          </reporter-output>
        </test-method> <!-- openthebrowserentertheurl -->
        <test-method signature="channel_pinthechannel()[pri:0, instance:com.Home.fingertip.Channel_PinTheChannel@140c9f39]" started-at="2020-11-24T13:11:55 IST" name="channel_pinthechannel" finished-at="2020-11-24T13:12:57 IST" duration-ms="62249" status="PASS">
          <reporter-output>
            <line>
              <![CDATA[Home | Salesforce]]>
            </line>
          </reporter-output>
        </test-method> <!-- channel_pinthechannel -->
      </class> <!-- com.Home.fingertip.Channel_PinTheChannel -->
    </test> <!-- Default test -->
  </suite> <!-- Default suite -->
</testng-results>
